#PlayerName PlaceName (if place exist player visits, if not new place is added (if player has accses))
Mehmet Ankara
Asli Fransa
Yaren Lubnan
Ahmet Maras
Zeynep Kirikkale
Umay Manisa
Player11 Yalova
Player8 Maras
Mehmet Sakarya
Asli Sakarya
Yaren Maras
Ahmet Tarbella
Ahmet Yalova
Zeynep Yalova
Umay Yalova
Fatih Yalova
Player8 Yalova
Player9 Yalova
Yaren Yalova
Asli Yalova
Mehmet Yalova
Player10 Yalova
Mehmet Maras
Ahmet Hatay
Ahmet Hatay
Ahmet Zonguldak
Yaren Halat
Ahmet Maugnan
Mehmet Duzce
Player8 Navalicia
Mehmet Yalova
Mehmet Pearlwater
Yaren Duzce
Mehmet Venedik
Ahmet Angeldrift
Mehmet Venedik
Yaren Altak
Mehmet Yalova